# JRE version: OpenJDK Runtime Environment (21.0.9) (build 21.0.9+-14787801-b1163.94)
# Java VM: OpenJDK 64-Bit Server VM (21.0.9+-14787801-b1163.94, mixed mode, tiered, compressed oops, compressed class ptrs, g1 gc, windows-amd64)
GC Precious Log:
 CardTable entry size: 512
 Card Set container configuration: InlinePtr #cards 5 size 8 Array Of Cards #cards 12 size 40 Howl #buckets 4 coarsen threshold 1843 Howl Bitmap #cards 512 size 80 coarsen threshold 460 Card regions per heap region 1 cards per card region 2048
 CPUs: 8 total, 8 available
 Memory: 24377M
 Large Page Support: Disabled
 NUMA Support: Disabled
 Compressed Oops: Enabled (32-bit)
 Heap Region Size: 1M
 Heap Min Capacity: 8M
 Heap Initial Capacity: 382M
 Heap Max Capacity: 2G
 Pre-touch: Disabled
 Parallel Workers: 8
 Concurrent Workers: 2
 Concurrent Refinement Workers: 8
 Periodic GC: Disabled
Heap:
 garbage-first heap   total 408576K, used 142263K [0x0000000080000000, 0x0000000100000000)
  region size 1024K, 15 young (15360K), 15 survivors (15360K)
 Metaspace       used 123450K, committed 125824K, reserved 1179648K
  class space    used 17227K, committed 18368K, reserved 1048576K
GC Heap History (20 events):
Event: 23.905 GC heap after
{Heap after GC invocations=40 (full 0):
 garbage-first heap   total 268288K, used 135149K [0x0000000080000000, 0x0000000100000000)
  region size 1024K, 10 young (10240K), 10 survivors (10240K)
 Metaspace       used 119076K, committed 121408K, reserved 1179648K
  class space    used 16644K, committed 17792K, reserved 1048576K
}
Event: 24.031 GC heap before
{Heap before GC invocations=40 (full 0):
 garbage-first heap   total 268288K, used 247789K [0x0000000080000000, 0x0000000100000000)
  region size 1024K, 120 young (122880K), 10 survivors (10240K)
 Metaspace       used 119078K, committed 121408K, reserved 1179648K
  class space    used 16644K, committed 17792K, reserved 1048576K
}
Event: 24.040 GC heap after
{Heap after GC invocations=41 (full 0):
 garbage-first heap   total 268288K, used 133605K [0x0000000080000000, 0x0000000100000000)
  region size 1024K, 8 young (8192K), 8 survivors (8192K)
 Metaspace       used 119078K, committed 121408K, reserved 1179648K
  class space    used 16644K, committed 17792K, reserved 1048576K
}
Event: 24.190 GC heap before
{Heap before GC invocations=41 (full 0):
 garbage-first heap   total 268288K, used 250341K [0x0000000080000000, 0x0000000100000000)
  region size 1024K, 122 young (124928K), 8 survivors (8192K)
 Metaspace       used 119128K, committed 121472K, reserved 1179648K
  class space    used 16649K, committed 17792K, reserved 1048576K
}
Event: 24.195 GC heap after
{Heap after GC invocations=42 (full 0):
 garbage-first heap   total 344064K, used 134556K [0x0000000080000000, 0x0000000100000000)
  region size 1024K, 9 young (9216K), 9 survivors (9216K)
 Metaspace       used 119128K, committed 121472K, reserved 1179648K
  class space    used 16649K, committed 17792K, reserved 1048576K
}
Event: 25.467 GC heap before
{Heap before GC invocations=43 (full 0):
 garbage-first heap   total 344064K, used 318876K [0x0000000080000000, 0x0000000100000000)
  region size 1024K, 190 young (194560K), 9 survivors (9216K)
 Metaspace       used 122481K, committed 124864K, reserved 1179648K
  class space    used 17074K, committed 18240K, reserved 1048576K
}
Event: 25.477 GC heap after
{Heap after GC invocations=44 (full 0):
 garbage-first heap   total 344064K, used 139141K [0x0000000080000000, 0x0000000100000000)
  region size 1024K, 14 young (14336K), 14 survivors (14336K)
 Metaspace       used 122481K, committed 124864K, reserved 1179648K
  class space    used 17074K, committed 18240K, reserved 1048576K
}
Event: 25.729 GC heap before
{Heap before GC invocations=44 (full 0):
 garbage-first heap   total 344064K, used 320389K [0x0000000080000000, 0x0000000100000000)
  region size 1024K, 191 young (195584K), 14 survivors (14336K)
 Metaspace       used 122737K, committed 125120K, reserved 1179648K
  class space    used 17130K, committed 18304K, reserved 1048576K
}
Event: 25.742 GC heap after
{Heap after GC invocations=45 (full 0):
 garbage-first heap   total 344064K, used 138693K [0x0000000080000000, 0x0000000100000000)
  region size 1024K, 13 young (13312K), 13 survivors (13312K)
 Metaspace       used 122737K, committed 125120K, reserved 1179648K
  class space    used 17130K, committed 18304K, reserved 1048576K
}
Event: 26.020 GC heap before
{Heap before GC invocations=45 (full 0):
 garbage-first heap   total 344064K, used 323013K [0x0000000080000000, 0x0000000100000000)
  region size 1024K, 194 young (198656K), 13 survivors (13312K)
 Metaspace       used 122744K, committed 125184K, reserved 1179648K
  class space    used 17130K, committed 18304K, reserved 1048576K
}
Event: 26.028 GC heap after
{Heap after GC invocations=46 (full 0):
 garbage-first heap   total 344064K, used 140012K [0x0000000080000000, 0x0000000100000000)
  region size 1024K, 15 young (15360K), 15 survivors (15360K)
 Metaspace       used 122744K, committed 125184K, reserved 1179648K
  class space    used 17130K, committed 18304K, reserved 1048576K
}
Event: 26.404 GC heap before
{Heap before GC invocations=47 (full 0):
 garbage-first heap   total 344064K, used 323308K [0x0000000080000000, 0x0000000100000000)
  region size 1024K, 195 young (199680K), 15 survivors (15360K)
 Metaspace       used 122744K, committed 125184K, reserved 1179648K
  class space    used 17130K, committed 18304K, reserved 1048576K
}
Event: 26.413 GC heap after
{Heap after GC invocations=48 (full 0):
 garbage-first heap   total 344064K, used 141190K [0x0000000080000000, 0x0000000100000000)
  region size 1024K, 15 young (15360K), 15 survivors (15360K)
 Metaspace       used 122744K, committed 125184K, reserved 1179648K
  class space    used 17130K, committed 18304K, reserved 1048576K
}
Event: 26.681 GC heap before
{Heap before GC invocations=48 (full 0):
 garbage-first heap   total 344064K, used 323462K [0x0000000080000000, 0x0000000100000000)
  region size 1024K, 194 young (198656K), 15 survivors (15360K)
 Metaspace       used 122744K, committed 125184K, reserved 1179648K
  class space    used 17130K, committed 18304K, reserved 1048576K
}
Event: 26.695 GC heap after
{Heap after GC invocations=49 (full 0):
 garbage-first heap   total 344064K, used 140201K [0x0000000080000000, 0x0000000100000000)
  region size 1024K, 13 young (13312K), 13 survivors (13312K)
 Metaspace       used 122744K, committed 125184K, reserved 1179648K
  class space    used 17130K, committed 18304K, reserved 1048576K
}
Event: 26.908 GC heap before
{Heap before GC invocations=49 (full 0):
 garbage-first heap   total 344064K, used 324521K [0x0000000080000000, 0x0000000100000000)
  region size 1024K, 193 young (197632K), 13 survivors (13312K)
 Metaspace       used 122744K, committed 125184K, reserved 1179648K
  class space    used 17130K, committed 18304K, reserved 1048576K
}
Event: 26.915 GC heap after
{Heap after GC invocations=50 (full 0):
 garbage-first heap   total 344064K, used 140461K [0x0000000080000000, 0x0000000100000000)
  region size 1024K, 13 young (13312K), 13 survivors (13312K)
 Metaspace       used 122744K, committed 125184K, reserved 1179648K
  class space    used 17130K, committed 18304K, reserved 1048576K
}
Event: 27.304 GC heap before
{Heap before GC invocations=51 (full 0):
 garbage-first heap   total 344064K, used 324781K [0x0000000080000000, 0x0000000100000000)
  region size 1024K, 193 young (197632K), 13 survivors (13312K)
 Metaspace       used 122776K, committed 125184K, reserved 1179648K
  class space    used 17133K, committed 18304K, reserved 1048576K
}
Event: 27.314 GC heap after
{Heap after GC invocations=52 (full 0):
 garbage-first heap   total 344064K, used 141492K [0x0000000080000000, 0x0000000100000000)
  region size 1024K, 14 young (14336K), 14 survivors (14336K)
 Metaspace       used 122776K, committed 125184K, reserved 1179648K
  class space    used 17133K, committed 18304K, reserved 1048576K
}
Event: 27.754 GC heap before
{Heap before GC invocations=52 (full 0):
 garbage-first heap   total 344064K, used 323764K [0x0000000080000000, 0x0000000100000000)
  region size 1024K, 193 young (197632K), 14 survivors (14336K)
 Metaspace       used 123450K, committed 125824K, reserved 1179648K
  class space    used 17227K, committed 18368K, reserved 1048576K
}

