# JRE version: OpenJDK Runtime Environment (21.0.9) (build 21.0.9+-14787801-b1163.94)
# Java VM: OpenJDK 64-Bit Server VM (21.0.9+-14787801-b1163.94, mixed mode, tiered, compressed oops, compressed class ptrs, g1 gc, windows-amd64)
GC Precious Log:
 CardTable entry size: 512
 Card Set container configuration: InlinePtr #cards 5 size 8 Array Of Cards #cards 12 size 40 Howl #buckets 4 coarsen threshold 1843 Howl Bitmap #cards 512 size 80 coarsen threshold 460 Card regions per heap region 1 cards per card region 2048
 CPUs: 8 total, 8 available
 Memory: 24377M
 Large Page Support: Disabled
 NUMA Support: Disabled
 Compressed Oops: Enabled (32-bit)
 Heap Region Size: 1M
 Heap Min Capacity: 8M
 Heap Initial Capacity: 382M
 Heap Max Capacity: 2G
 Pre-touch: Disabled
 Parallel Workers: 8
 Concurrent Workers: 2
 Concurrent Refinement Workers: 8
 Periodic GC: Disabled
Heap:
 garbage-first heap   total 258048K, used 135152K [0x0000000080000000, 0x0000000100000000)
  region size 1024K, 8 young (8192K), 8 survivors (8192K)
 Metaspace       used 119171K, committed 121536K, reserved 1179648K
  class space    used 16665K, committed 17792K, reserved 1048576K
GC Heap History (20 events):
Event: 18.168 GC heap after
{Heap after GC invocations=30 (full 0):
 garbage-first heap   total 200704K, used 104252K [0x0000000080000000, 0x0000000100000000)
  region size 1024K, 8 young (8192K), 8 survivors (8192K)
 Metaspace       used 109881K, committed 112128K, reserved 1179648K
  class space    used 15580K, committed 16640K, reserved 1048576K
}
Event: 19.219 GC heap before
{Heap before GC invocations=30 (full 0):
 garbage-first heap   total 200704K, used 186172K [0x0000000080000000, 0x0000000100000000)
  region size 1024K, 88 young (90112K), 8 survivors (8192K)
 Metaspace       used 113637K, committed 115904K, reserved 1179648K
  class space    used 16057K, committed 17152K, reserved 1048576K
}
Event: 19.233 GC heap after
{Heap after GC invocations=31 (full 0):
 garbage-first heap   total 203776K, used 113042K [0x0000000080000000, 0x0000000100000000)
  region size 1024K, 11 young (11264K), 11 survivors (11264K)
 Metaspace       used 113637K, committed 115904K, reserved 1179648K
  class space    used 16057K, committed 17152K, reserved 1048576K
}
Event: 20.432 GC heap before
{Heap before GC invocations=32 (full 0):
 garbage-first heap   total 203776K, used 189842K [0x0000000080000000, 0x0000000100000000)
  region size 1024K, 82 young (83968K), 11 survivors (11264K)
 Metaspace       used 118500K, committed 120832K, reserved 1179648K
  class space    used 16607K, committed 17728K, reserved 1048576K
}
Event: 20.450 GC heap after
{Heap after GC invocations=33 (full 0):
 garbage-first heap   total 215040K, used 125022K [0x0000000080000000, 0x0000000100000000)
  region size 1024K, 11 young (11264K), 11 survivors (11264K)
 Metaspace       used 118500K, committed 120832K, reserved 1179648K
  class space    used 16607K, committed 17728K, reserved 1048576K
}
Event: 20.846 GC heap before
{Heap before GC invocations=33 (full 0):
 garbage-first heap   total 215040K, used 192606K [0x0000000080000000, 0x0000000100000000)
  region size 1024K, 77 young (78848K), 11 survivors (11264K)
 Metaspace       used 118696K, committed 121024K, reserved 1179648K
  class space    used 16614K, committed 17728K, reserved 1048576K
}
Event: 20.860 GC heap after
{Heap after GC invocations=34 (full 0):
 garbage-first heap   total 215040K, used 131230K [0x0000000080000000, 0x0000000100000000)
  region size 1024K, 8 young (8192K), 8 survivors (8192K)
 Metaspace       used 118696K, committed 121024K, reserved 1179648K
  class space    used 16614K, committed 17728K, reserved 1048576K
}
Event: 21.000 GC heap before
{Heap before GC invocations=34 (full 0):
 garbage-first heap   total 215040K, used 193694K [0x0000000080000000, 0x0000000100000000)
  region size 1024K, 70 young (71680K), 8 survivors (8192K)
 Metaspace       used 118700K, committed 121024K, reserved 1179648K
  class space    used 16614K, committed 17728K, reserved 1048576K
}
Event: 21.005 GC heap after
{Heap after GC invocations=35 (full 0):
 garbage-first heap   total 258048K, used 132624K [0x0000000080000000, 0x0000000100000000)
  region size 1024K, 4 young (4096K), 4 survivors (4096K)
 Metaspace       used 118700K, committed 121024K, reserved 1179648K
  class space    used 16614K, committed 17728K, reserved 1048576K
}
Event: 21.293 GC heap before
{Heap before GC invocations=36 (full 0):
 garbage-first heap   total 258048K, used 229904K [0x0000000080000000, 0x0000000100000000)
  region size 1024K, 100 young (102400K), 4 survivors (4096K)
 Metaspace       used 118704K, committed 121024K, reserved 1179648K
  class space    used 16614K, committed 17728K, reserved 1048576K
}
Event: 21.298 GC heap after
{Heap after GC invocations=37 (full 0):
 garbage-first heap   total 258048K, used 133536K [0x0000000080000000, 0x0000000100000000)
  region size 1024K, 5 young (5120K), 5 survivors (5120K)
 Metaspace       used 118704K, committed 121024K, reserved 1179648K
  class space    used 16614K, committed 17728K, reserved 1048576K
}
Event: 21.504 GC heap before
{Heap before GC invocations=37 (full 0):
 garbage-first heap   total 258048K, used 232864K [0x0000000080000000, 0x0000000100000000)
  region size 1024K, 103 young (105472K), 5 survivors (5120K)
 Metaspace       used 118712K, committed 121024K, reserved 1179648K
  class space    used 16615K, committed 17728K, reserved 1048576K
}
Event: 21.511 GC heap after
{Heap after GC invocations=38 (full 0):
 garbage-first heap   total 258048K, used 132364K [0x0000000080000000, 0x0000000100000000)
  region size 1024K, 6 young (6144K), 6 survivors (6144K)
 Metaspace       used 118712K, committed 121024K, reserved 1179648K
  class space    used 16615K, committed 17728K, reserved 1048576K
}
Event: 21.749 GC heap before
{Heap before GC invocations=38 (full 0):
 garbage-first heap   total 258048K, used 235788K [0x0000000080000000, 0x0000000100000000)
  region size 1024K, 107 young (109568K), 6 survivors (6144K)
 Metaspace       used 118722K, committed 121024K, reserved 1179648K
  class space    used 16615K, committed 17728K, reserved 1048576K
}
Event: 21.753 GC heap after
{Heap after GC invocations=39 (full 0):
 garbage-first heap   total 258048K, used 133503K [0x0000000080000000, 0x0000000100000000)
  region size 1024K, 7 young (7168K), 7 survivors (7168K)
 Metaspace       used 118722K, committed 121024K, reserved 1179648K
  class space    used 16615K, committed 17728K, reserved 1048576K
}
Event: 22.213 GC heap before
{Heap before GC invocations=40 (full 0):
 garbage-first heap   total 258048K, used 236927K [0x0000000080000000, 0x0000000100000000)
  region size 1024K, 109 young (111616K), 7 survivors (7168K)
 Metaspace       used 119116K, committed 121472K, reserved 1179648K
  class space    used 16660K, committed 17792K, reserved 1048576K
}
Event: 22.219 GC heap after
{Heap after GC invocations=41 (full 0):
 garbage-first heap   total 258048K, used 135865K [0x0000000080000000, 0x0000000100000000)
  region size 1024K, 10 young (10240K), 10 survivors (10240K)
 Metaspace       used 119116K, committed 121472K, reserved 1179648K
  class space    used 16660K, committed 17792K, reserved 1048576K
}
Event: 22.335 GC heap before
{Heap before GC invocations=41 (full 0):
 garbage-first heap   total 258048K, used 238265K [0x0000000080000000, 0x0000000100000000)
  region size 1024K, 110 young (112640K), 10 survivors (10240K)
 Metaspace       used 119117K, committed 121472K, reserved 1179648K
  class space    used 16660K, committed 17792K, reserved 1048576K
}
Event: 22.345 GC heap after
{Heap after GC invocations=42 (full 0):
 garbage-first heap   total 258048K, used 134363K [0x0000000080000000, 0x0000000100000000)
  region size 1024K, 8 young (8192K), 8 survivors (8192K)
 Metaspace       used 119117K, committed 121472K, reserved 1179648K
  class space    used 16660K, committed 17792K, reserved 1048576K
}
Event: 22.495 GC heap before
{Heap before GC invocations=42 (full 0):
 garbage-first heap   total 258048K, used 238811K [0x0000000080000000, 0x0000000100000000)
  region size 1024K, 111 young (113664K), 8 survivors (8192K)
 Metaspace       used 119171K, committed 121536K, reserved 1179648K
  class space    used 16665K, committed 17792K, reserved 1048576K
}

