# JRE version: OpenJDK Runtime Environment (21.0.9) (build 21.0.9+-14787801-b1163.94)
# Java VM: OpenJDK 64-Bit Server VM (21.0.9+-14787801-b1163.94, mixed mode, tiered, compressed oops, compressed class ptrs, g1 gc, windows-amd64)
GC Precious Log:
 CardTable entry size: 512
 Card Set container configuration: InlinePtr #cards 5 size 8 Array Of Cards #cards 12 size 40 Howl #buckets 4 coarsen threshold 1843 Howl Bitmap #cards 512 size 80 coarsen threshold 460 Card regions per heap region 1 cards per card region 2048
 CPUs: 8 total, 8 available
 Memory: 24377M
 Large Page Support: Disabled
 NUMA Support: Disabled
 Compressed Oops: Enabled (32-bit)
 Heap Region Size: 1M
 Heap Min Capacity: 8M
 Heap Initial Capacity: 382M
 Heap Max Capacity: 2G
 Pre-touch: Disabled
 Parallel Workers: 8
 Concurrent Workers: 2
 Concurrent Refinement Workers: 8
 Periodic GC: Disabled
Heap:
 garbage-first heap   total 452608K, used 147152K [0x0000000080000000, 0x0000000100000000)
  region size 1024K, 19 young (19456K), 19 survivors (19456K)
 Metaspace       used 123512K, committed 125952K, reserved 1179648K
  class space    used 17253K, committed 18432K, reserved 1048576K
GC Heap History (20 events):
Event: 43.207 GC heap after
{Heap after GC invocations=42 (full 0):
 garbage-first heap   total 452608K, used 134143K [0x0000000080000000, 0x0000000100000000)
  region size 1024K, 8 young (8192K), 8 survivors (8192K)
 Metaspace       used 119241K, committed 121600K, reserved 1179648K
  class space    used 16659K, committed 17792K, reserved 1048576K
}
Event: 45.151 GC heap before
{Heap before GC invocations=43 (full 0):
 garbage-first heap   total 450560K, used 395263K [0x0000000080000000, 0x0000000100000000)
  region size 1024K, 264 young (270336K), 8 survivors (8192K)
 Metaspace       used 122653K, committed 124992K, reserved 1179648K
  class space    used 17097K, committed 18240K, reserved 1048576K
}
Event: 45.161 GC heap after
{Heap after GC invocations=44 (full 0):
 garbage-first heap   total 450560K, used 139118K [0x0000000080000000, 0x0000000100000000)
  region size 1024K, 13 young (13312K), 13 survivors (13312K)
 Metaspace       used 122653K, committed 124992K, reserved 1179648K
  class space    used 17097K, committed 18240K, reserved 1048576K
}
Event: 45.653 GC heap before
{Heap before GC invocations=44 (full 0):
 garbage-first heap   total 450560K, used 395118K [0x0000000080000000, 0x0000000100000000)
  region size 1024K, 264 young (270336K), 13 survivors (13312K)
 Metaspace       used 122962K, committed 125312K, reserved 1179648K
  class space    used 17160K, committed 18304K, reserved 1048576K
}
Event: 45.667 GC heap after
{Heap after GC invocations=45 (full 0):
 garbage-first heap   total 450560K, used 139632K [0x0000000080000000, 0x0000000100000000)
  region size 1024K, 14 young (14336K), 14 survivors (14336K)
 Metaspace       used 122962K, committed 125312K, reserved 1179648K
  class space    used 17160K, committed 18304K, reserved 1048576K
}
Event: 46.110 GC heap before
{Heap before GC invocations=45 (full 0):
 garbage-first heap   total 450560K, used 394608K [0x0000000080000000, 0x0000000100000000)
  region size 1024K, 264 young (270336K), 14 survivors (14336K)
 Metaspace       used 122975K, committed 125376K, reserved 1179648K
  class space    used 17160K, committed 18304K, reserved 1048576K
}
Event: 46.123 GC heap after
{Heap after GC invocations=46 (full 0):
 garbage-first heap   total 450560K, used 139939K [0x0000000080000000, 0x0000000100000000)
  region size 1024K, 15 young (15360K), 15 survivors (15360K)
 Metaspace       used 122975K, committed 125376K, reserved 1179648K
  class space    used 17160K, committed 18304K, reserved 1048576K
}
Event: 46.559 GC heap before
{Heap before GC invocations=46 (full 0):
 garbage-first heap   total 450560K, used 394915K [0x0000000080000000, 0x0000000100000000)
  region size 1024K, 264 young (270336K), 15 survivors (15360K)
 Metaspace       used 123049K, committed 125440K, reserved 1179648K
  class space    used 17173K, committed 18304K, reserved 1048576K
}
Event: 46.574 GC heap after
{Heap after GC invocations=47 (full 0):
 garbage-first heap   total 450560K, used 141504K [0x0000000080000000, 0x0000000100000000)
  region size 1024K, 16 young (16384K), 16 survivors (16384K)
 Metaspace       used 123049K, committed 125440K, reserved 1179648K
  class space    used 17173K, committed 18304K, reserved 1048576K
}
Event: 47.040 GC heap before
{Heap before GC invocations=47 (full 0):
 garbage-first heap   total 450560K, used 394432K [0x0000000080000000, 0x0000000100000000)
  region size 1024K, 264 young (270336K), 16 survivors (16384K)
 Metaspace       used 123201K, committed 125504K, reserved 1179648K
  class space    used 17192K, committed 18304K, reserved 1048576K
}
Event: 47.056 GC heap after
{Heap after GC invocations=48 (full 0):
 garbage-first heap   total 450560K, used 142550K [0x0000000080000000, 0x0000000100000000)
  region size 1024K, 17 young (17408K), 17 survivors (17408K)
 Metaspace       used 123201K, committed 125504K, reserved 1179648K
  class space    used 17192K, committed 18304K, reserved 1048576K
}
Event: 47.430 GC heap before
{Heap before GC invocations=48 (full 0):
 garbage-first heap   total 450560K, used 395478K [0x0000000080000000, 0x0000000100000000)
  region size 1024K, 264 young (270336K), 17 survivors (17408K)
 Metaspace       used 123209K, committed 125504K, reserved 1179648K
  class space    used 17193K, committed 18304K, reserved 1048576K
}
Event: 47.445 GC heap after
{Heap after GC invocations=49 (full 0):
 garbage-first heap   total 450560K, used 143481K [0x0000000080000000, 0x0000000100000000)
  region size 1024K, 18 young (18432K), 18 survivors (18432K)
 Metaspace       used 123209K, committed 125504K, reserved 1179648K
  class space    used 17193K, committed 18304K, reserved 1048576K
}
Event: 47.872 GC heap before
{Heap before GC invocations=49 (full 0):
 garbage-first heap   total 450560K, used 394361K [0x0000000080000000, 0x0000000100000000)
  region size 1024K, 264 young (270336K), 18 survivors (18432K)
 Metaspace       used 123480K, committed 125824K, reserved 1179648K
  class space    used 17251K, committed 18432K, reserved 1048576K
}
Event: 47.889 GC heap after
{Heap after GC invocations=50 (full 0):
 garbage-first heap   total 450560K, used 144649K [0x0000000080000000, 0x0000000100000000)
  region size 1024K, 19 young (19456K), 19 survivors (19456K)
 Metaspace       used 123480K, committed 125824K, reserved 1179648K
  class space    used 17251K, committed 18432K, reserved 1048576K
}
Event: 48.347 GC heap before
{Heap before GC invocations=50 (full 0):
 garbage-first heap   total 450560K, used 394505K [0x0000000080000000, 0x0000000100000000)
  region size 1024K, 264 young (270336K), 19 survivors (19456K)
 Metaspace       used 123497K, committed 125824K, reserved 1179648K
  class space    used 17253K, committed 18432K, reserved 1048576K
}
Event: 48.362 GC heap after
{Heap after GC invocations=51 (full 0):
 garbage-first heap   total 450560K, used 144923K [0x0000000080000000, 0x0000000100000000)
  region size 1024K, 17 young (17408K), 17 survivors (17408K)
 Metaspace       used 123497K, committed 125824K, reserved 1179648K
  class space    used 17253K, committed 18432K, reserved 1048576K
}
Event: 48.729 GC heap before
{Heap before GC invocations=51 (full 0):
 garbage-first heap   total 450560K, used 396827K [0x0000000080000000, 0x0000000100000000)
  region size 1024K, 264 young (270336K), 17 survivors (17408K)
 Metaspace       used 123498K, committed 125888K, reserved 1179648K
  class space    used 17253K, committed 18432K, reserved 1048576K
}
Event: 48.744 GC heap after
{Heap after GC invocations=52 (full 0):
 garbage-first heap   total 450560K, used 145502K [0x0000000080000000, 0x0000000100000000)
  region size 1024K, 18 young (18432K), 18 survivors (18432K)
 Metaspace       used 123498K, committed 125888K, reserved 1179648K
  class space    used 17253K, committed 18432K, reserved 1048576K
}
Event: 49.225 GC heap before
{Heap before GC invocations=52 (full 0):
 garbage-first heap   total 450560K, used 396382K [0x0000000080000000, 0x0000000100000000)
  region size 1024K, 264 young (270336K), 18 survivors (18432K)
 Metaspace       used 123512K, committed 125952K, reserved 1179648K
  class space    used 17253K, committed 18432K, reserved 1048576K
}

